<?xml version="1.0" encoding="UTF-8"?>
<testng-results ignored="0" total="1" passed="1" failed="0" skipped="0">
  <reporter-output>
  </reporter-output>
  <suite started-at="2024-03-19T15:41:55 CET" name="Default suite" finished-at="2024-03-19T15:42:15 CET" duration-ms="20057">
    <groups>
    </groups>
    <test started-at="2024-03-19T15:41:55 CET" name="Default test" finished-at="2024-03-19T15:42:15 CET" duration-ms="20057">
      <class name="aPack.AppiumDemo">
        <test-method is-config="true" signature="appiumConfig()[pri:0, instance:aPack.AppiumDemo@15ff3e9e]" started-at="2024-03-19T15:41:55 CET" name="appiumConfig" finished-at="2024-03-19T15:42:05 CET" duration-ms="9921" status="PASS">
          <reporter-output>
          </reporter-output>
        </test-method> <!-- appiumConfig -->
        <test-method signature="wifiSettingTest()[pri:0, instance:aPack.AppiumDemo@15ff3e9e]" started-at="2024-03-19T15:42:05 CET" name="wifiSettingTest" finished-at="2024-03-19T15:42:13 CET" duration-ms="8463" status="PASS">
          <reporter-output>
          </reporter-output>
        </test-method> <!-- wifiSettingTest -->
        <test-method is-config="true" signature="tearDown()[pri:0, instance:aPack.AppiumDemo@15ff3e9e]" started-at="2024-03-19T15:42:13 CET" name="tearDown" finished-at="2024-03-19T15:42:15 CET" duration-ms="1596" status="PASS">
          <reporter-output>
          </reporter-output>
        </test-method> <!-- tearDown -->
      </class> <!-- aPack.AppiumDemo -->
    </test> <!-- Default test -->
  </suite> <!-- Default suite -->
</testng-results>
